<?xml version="1.0" encoding="UTF-8"?>
<testng-results ignored="0" total="4" passed="4" failed="0" skipped="0">
  <reporter-output>
  </reporter-output>
  <suite started-at="2022-08-16T18:50:33 IST" name="Default suite" finished-at="2022-08-16T18:50:33 IST" duration-ms="65">
    <groups>
    </groups>
    <test started-at="2022-08-16T18:50:33 IST" name="Default test" finished-at="2022-08-16T18:50:33 IST" duration-ms="65">
      <class name="Practise.Test3">
        <test-method signature="method1()[pri:0, instance:Practise.Test3@d5b810e]" started-at="2022-08-16T18:50:33 IST" name="method1" description="this is 1st method" finished-at="2022-08-16T18:50:33 IST" duration-ms="6" status="PASS">
          <reporter-output>
          </reporter-output>
        </test-method> <!-- method1 -->
        <test-method signature="method2()[pri:0, instance:Practise.Test3@d5b810e]" started-at="2022-08-16T18:50:33 IST" name="method2" finished-at="2022-08-16T18:50:33 IST" duration-ms="1" status="PASS">
          <reporter-output>
          </reporter-output>
        </test-method> <!-- method2 -->
        <test-method signature="method3()[pri:0, instance:Practise.Test3@d5b810e]" started-at="2022-08-16T18:50:33 IST" name="method3" finished-at="2022-08-16T18:50:33 IST" duration-ms="1" status="PASS">
          <reporter-output>
          </reporter-output>
        </test-method> <!-- method3 -->
        <test-method signature="method4()[pri:0, instance:Practise.Test3@d5b810e]" started-at="2022-08-16T18:50:33 IST" name="method4" finished-at="2022-08-16T18:50:33 IST" duration-ms="1" status="PASS">
          <reporter-output>
          </reporter-output>
        </test-method> <!-- method4 -->
      </class> <!-- Practise.Test3 -->
    </test> <!-- Default test -->
  </suite> <!-- Default suite -->
</testng-results>
