<?xml version="1.0" encoding="UTF-8"?>
<!-- Generated by org.testng.reporters.JUnitXMLReporter -->
<testsuite ignored="0" hostname="LAPTOP-SH10C9CC" failures="0" tests="4" name="Default test" time="0.065" errors="0" timestamp="2022-08-16T18:50:33 IST">
  <testcase classname="Practise.Test3" name="method1" time="0.006"/>
  <testcase classname="Practise.Test3" name="method2" time="0.001"/>
  <testcase classname="Practise.Test3" name="method3" time="0.001"/>
  <testcase classname="Practise.Test3" name="method4" time="0.001"/>
</testsuite> <!-- Default test -->
