<?xml version="1.0" encoding="UTF-8"?>
<!-- Generated by org.testng.reporters.JUnitXMLReporter -->
<testsuite ignored="0" hostname="LAPTOP-SH10C9CC" failures="0" tests="7" name="Test123" time="26.387" errors="0" timestamp="2022-08-16T13:11:59 IST">
  <testcase classname="Practise.Practise1" name="Testmethod" time="0.011"/>
  <testcase classname="Practise.DataProvider_With_parallel_execution" name="dataprovider" time="12.185"/>
  <testcase classname="Practise.DataProvider_With_parallel_execution" name="dataprovider" time="13.312"/>
  <testcase classname="Practise.DataProvider_With_parallel_execution" name="dataprovider" time="13.715"/>
  <testcase classname="Practise.DataProvider_With_parallel_execution" name="dataprovider" time="7.776"/>
  <testcase classname="Practise.DataProvider_With_parallel_execution" name="dataprovider" time="8.367"/>
  <testcase classname="Practise.DataProvider_With_parallel_execution" name="dataprovider" time="13.001"/>
</testsuite> <!-- Test123 -->
