<?xml version="1.0" encoding="UTF-8"?>
<!-- Generated by org.testng.reporters.JUnitXMLReporter -->
<testsuite ignored="0" hostname="LAPTOP-SH10C9CC" failures="0" tests="12" name="Test3" time="0.143" errors="0" timestamp="2022-08-16T18:17:55 IST">
  <testcase classname="Practise.Test1" name="method1" time="0.007"/>
  <testcase classname="Practise.Test1" name="method2" time="0.003"/>
  <testcase classname="Practise.Test1" name="method3" time="0.002"/>
  <testcase classname="Practise.Test1" name="method4" time="0.002"/>
  <testcase classname="Practise.Test2" name="method1" time="0.004"/>
  <testcase classname="Practise.Test2" name="method2" time="0.002"/>
  <testcase classname="Practise.Test2" name="method3" time="0.001"/>
  <testcase classname="Practise.Test2" name="method4" time="0.001"/>
  <testcase classname="Practise.Test3" name="method1" time="0.003"/>
  <testcase classname="Practise.Test3" name="method2" time="0.002"/>
  <testcase classname="Practise.Test3" name="method3" time="0.0"/>
  <testcase classname="Practise.Test3" name="method4" time="0.014"/>
</testsuite> <!-- Test3 -->
