<?xml version="1.0" encoding="UTF-8"?>
<!-- Generated by org.testng.reporters.JUnitXMLReporter -->
<testsuite ignored="0" hostname="LAPTOP-SH10C9CC" failures="1" tests="1" name="Test12" time="0.055" errors="0" timestamp="2022-07-11T16:39:16 IST">
  <testcase classname="By_Naveen_TestNG_Framwork.Parametrs_Passing" name="method" time="0.0">
    <failure type="org.testng.TestNGException" message="
Parameter &amp;apos;ID&amp;apos; is required by @Test on method method but has not been marked @Optional or defined
in D:\Workspace\Rushi\TestNgframework\testng.xml">
      <![CDATA[org.testng.TestNGException: 
Parameter 'ID' is required by @Test on method method but has not been marked @Optional or defined
in D:\Workspace\Rushi\TestNgframework\testng.xml
at java.base/java.util.ArrayList.forEach(ArrayList.java:1511)
... Removed 26 stack frames]]>
    </failure>
  </testcase> <!-- method -->
</testsuite> <!-- Test12 -->
